<?xml version="1.0" encoding="UTF-8"?>
<!-- Generated by org.testng.reporters.JUnitXMLReporter -->
<testsuite ignored="0" hostname="INBAN5CG8441LZD" failures="0" tests="3" name="Test" time="7.043" errors="0" timestamp="2020-11-30T17:59:01 IST">
  <testcase classname="testcases.basic_test" name="page_handle" time="0.013"/>
  <testcase classname="testcases.basic_test" name="testtitle" time="0.01"/>
  <testcase classname="testcases.basic_test" name="testurl" time="0.015"/>
</testsuite> <!-- Test -->
