<?xml version="1.0" encoding="UTF-8"?>
<testng-results ignored="0" total="3" passed="3" failed="0" skipped="0">
  <reporter-output>
  </reporter-output>
  <suite started-at="2020-11-30T17:58:54 IST" name="Suite" finished-at="2020-11-30T17:59:01 IST" duration-ms="7043">
    <groups>
    </groups>
    <test started-at="2020-11-30T17:58:54 IST" name="Test" finished-at="2020-11-30T17:59:01 IST" duration-ms="7043">
      <class name="testcases.basic_test">
        <test-method is-config="true" signature="setup()[pri:0, instance:testcases.basic_test@394a2528]" started-at="2020-11-30T17:58:53 IST" name="setup" finished-at="2020-11-30T17:58:54 IST" duration-ms="229" status="PASS">
          <reporter-output>
          </reporter-output>
        </test-method> <!-- setup -->
        <test-method is-config="true" signature="setbrowser()[pri:0, instance:testcases.basic_test@394a2528]" started-at="2020-11-30T17:58:54 IST" name="setbrowser" finished-at="2020-11-30T17:58:58 IST" duration-ms="4821" status="PASS">
          <reporter-output>
          </reporter-output>
        </test-method> <!-- setbrowser -->
        <test-method is-config="true" signature="method_name(java.lang.reflect.Method)[pri:0, instance:testcases.basic_test@394a2528]" started-at="2020-11-30T17:58:59 IST" name="method_name" finished-at="2020-11-30T17:58:59 IST" duration-ms="9" status="PASS">
          <params>
            <param index="0">
              <value>
                <![CDATA[public void testcases.basic_test.page_handle()]]>
              </value>
            </param>
          </params>
          <reporter-output>
          </reporter-output>
        </test-method> <!-- method_name -->
        <test-method signature="page_handle()[pri:0, instance:testcases.basic_test@394a2528]" started-at="2020-11-30T17:58:59 IST" name="page_handle" finished-at="2020-11-30T17:58:59 IST" duration-ms="13" status="PASS">
          <reporter-output>
          </reporter-output>
        </test-method> <!-- page_handle -->
        <test-method is-config="true" signature="tear(org.testng.ITestResult)[pri:0, instance:testcases.basic_test@394a2528]" started-at="2020-11-30T17:58:59 IST" name="tear" finished-at="2020-11-30T17:58:59 IST" duration-ms="665" status="PASS">
          <params>
            <param index="0">
              <value>
                <![CDATA[[TestResult name=page_handle status=SUCCESS method=basic_test.page_handle()[pri:0, instance:testcases.basic_test@394a2528] output={null}]]]>
              </value>
            </param>
          </params>
          <reporter-output>
          </reporter-output>
        </test-method> <!-- tear -->
        <test-method is-config="true" signature="method_name(java.lang.reflect.Method)[pri:0, instance:testcases.basic_test@394a2528]" started-at="2020-11-30T17:58:59 IST" name="method_name" finished-at="2020-11-30T17:58:59 IST" duration-ms="0" status="PASS">
          <params>
            <param index="0">
              <value>
                <![CDATA[public void testcases.basic_test.testtitle()]]>
              </value>
            </param>
          </params>
          <reporter-output>
          </reporter-output>
        </test-method> <!-- method_name -->
        <test-method signature="testtitle()[pri:0, instance:testcases.basic_test@394a2528]" started-at="2020-11-30T17:58:59 IST" name="testtitle" finished-at="2020-11-30T17:58:59 IST" duration-ms="10" status="PASS">
          <reporter-output>
          </reporter-output>
        </test-method> <!-- testtitle -->
        <test-method is-config="true" signature="tear(org.testng.ITestResult)[pri:0, instance:testcases.basic_test@394a2528]" started-at="2020-11-30T17:58:59 IST" name="tear" finished-at="2020-11-30T17:58:59 IST" duration-ms="111" status="PASS">
          <params>
            <param index="0">
              <value>
                <![CDATA[[TestResult name=testtitle status=SUCCESS method=basic_test.testtitle()[pri:0, instance:testcases.basic_test@394a2528] output={null}]]]>
              </value>
            </param>
          </params>
          <reporter-output>
          </reporter-output>
        </test-method> <!-- tear -->
        <test-method signature="testurl()[pri:0, instance:testcases.basic_test@394a2528]" started-at="2020-11-30T17:58:59 IST" name="testurl" finished-at="2020-11-30T17:58:59 IST" duration-ms="15" status="PASS">
          <reporter-output>
          </reporter-output>
        </test-method> <!-- testurl -->
        <test-method is-config="true" signature="method_name(java.lang.reflect.Method)[pri:0, instance:testcases.basic_test@394a2528]" started-at="2020-11-30T17:58:59 IST" name="method_name" finished-at="2020-11-30T17:58:59 IST" duration-ms="0" status="PASS">
          <params>
            <param index="0">
              <value>
                <![CDATA[public void testcases.basic_test.testurl()]]>
              </value>
            </param>
          </params>
          <reporter-output>
          </reporter-output>
        </test-method> <!-- method_name -->
        <test-method is-config="true" signature="tear(org.testng.ITestResult)[pri:0, instance:testcases.basic_test@394a2528]" started-at="2020-11-30T17:58:59 IST" name="tear" finished-at="2020-11-30T17:58:59 IST" duration-ms="55" status="PASS">
          <params>
            <param index="0">
              <value>
                <![CDATA[[TestResult name=testurl status=SUCCESS method=basic_test.testurl()[pri:0, instance:testcases.basic_test@394a2528] output={null}]]]>
              </value>
            </param>
          </params>
          <reporter-output>
          </reporter-output>
        </test-method> <!-- tear -->
        <test-method is-config="true" signature="teardown()[pri:0, instance:testcases.basic_test@394a2528]" started-at="2020-11-30T17:58:59 IST" name="teardown" finished-at="2020-11-30T17:59:01 IST" duration-ms="1282" status="PASS">
          <reporter-output>
          </reporter-output>
        </test-method> <!-- teardown -->
        <test-method is-config="true" signature="stop_test()[pri:0, instance:testcases.basic_test@394a2528]" started-at="2020-11-30T17:59:01 IST" name="stop_test" finished-at="2020-11-30T17:59:01 IST" duration-ms="2" status="PASS">
          <reporter-output>
          </reporter-output>
        </test-method> <!-- stop_test -->
      </class> <!-- testcases.basic_test -->
    </test> <!-- Test -->
  </suite> <!-- Suite -->
</testng-results>
