<?xml version="1.0" encoding="UTF-8"?>
<!-- Generated by org.testng.reporters.JUnitReportReporter -->
<testsuite hostname="INBAN5CG8441LZD" failures="0" tests="3" name="testcases.basic_test" time="0.878" errors="0" timestamp="2020-11-30T17:59:01 IST" skipped="0">
  <testcase classname="testcases.basic_test" name="testtitle" time="0.675"/>
  <system-out/>
  <testcase classname="testcases.basic_test" name="testurl" time="0.135"/>
  <system-out/>
  <testcase classname="testcases.basic_test" name="page_handle" time="0.068"/>
  <system-out/>
</testsuite> <!-- testcases.basic_test -->
